<?xml version="1.0" encoding="UTF-8"?>
<testsuite name="com.example.bookstore.entiry.BasketTest" tests="1" skipped="0" failures="0" errors="0" timestamp="2020-12-04T07:12:50" hostname="KB-20ABKCK1HQ.kasikornbank.com" time="0.046">
  <properties/>
  <testcase name="check_sql_statement_when_persisting_in_many_to_many_correct()" classname="com.example.bookstore.entiry.BasketTest" time="0.046"/>
  <system-out><![CDATA[2020-12-04 14:12:50.175  INFO 18959 --- [    Test worker] b.t.a.o.j.DataJpaTestContextBootstrapper : Neither @ContextConfiguration nor @ContextHierarchy found for test class [com.example.bookstore.entiry.BasketTest], using SpringBootContextLoader
2020-12-04 14:12:50.176  INFO 18959 --- [    Test worker] o.s.t.c.support.AbstractContextLoader    : Could not detect default resource locations for test class [com.example.bookstore.entiry.BasketTest]: no resource found for suffixes {-context.xml, Context.groovy}.
2020-12-04 14:12:50.176  INFO 18959 --- [    Test worker] t.c.s.AnnotationConfigContextLoaderUtils : Could not detect default configuration classes for test class [com.example.bookstore.entiry.BasketTest]: BasketTest does not declare any static, non-private, non-final, nested classes annotated with @Configuration.
2020-12-04 14:12:50.178  INFO 18959 --- [    Test worker] .b.t.c.SpringBootTestContextBootstrapper : Found @SpringBootConfiguration com.example.bookstore.BookStoreApplication for test class com.example.bookstore.entiry.BasketTest
2020-12-04 14:12:50.178  INFO 18959 --- [    Test worker] b.t.a.o.j.DataJpaTestContextBootstrapper : Loaded default TestExecutionListener class names from location [META-INF/spring.factories]: [org.springframework.cloud.contract.stubrunner.provider.wiremock.StubRunnerWireMockTestExecutionListener, org.springframework.cloud.contract.wiremock.WireMockTestExecutionListener, org.springframework.boot.test.autoconfigure.restdocs.RestDocsTestExecutionListener, org.springframework.boot.test.autoconfigure.web.client.MockRestServiceServerResetTestExecutionListener, org.springframework.boot.test.autoconfigure.web.servlet.MockMvcPrintOnlyOnFailureTestExecutionListener, org.springframework.boot.test.autoconfigure.web.servlet.WebDriverTestExecutionListener, org.springframework.boot.test.autoconfigure.webservices.client.MockWebServiceServerTestExecutionListener, org.springframework.boot.test.mock.mockito.MockitoTestExecutionListener, org.springframework.boot.test.mock.mockito.ResetMocksTestExecutionListener, org.springframework.test.context.web.ServletTestExecutionListener, org.springframework.test.context.support.DirtiesContextBeforeModesTestExecutionListener, org.springframework.test.context.support.DependencyInjectionTestExecutionListener, org.springframework.test.context.support.DirtiesContextTestExecutionListener, org.springframework.test.context.transaction.TransactionalTestExecutionListener, org.springframework.test.context.jdbc.SqlScriptsTestExecutionListener, org.springframework.test.context.event.EventPublishingTestExecutionListener]
2020-12-04 14:12:50.179  INFO 18959 --- [    Test worker] b.t.a.o.j.DataJpaTestContextBootstrapper : Using TestExecutionListeners: [org.springframework.test.context.web.ServletTestExecutionListener@4da8b715, org.springframework.test.context.support.DirtiesContextBeforeModesTestExecutionListener@4dd7ecb5, org.springframework.boot.test.mock.mockito.MockitoTestExecutionListener@28af3ed3, org.springframework.boot.test.autoconfigure.SpringBootDependencyInjectionTestExecutionListener@c3aa3a8, org.springframework.test.context.support.DirtiesContextTestExecutionListener@422bd25, org.springframework.test.context.transaction.TransactionalTestExecutionListener@76625b50, org.springframework.test.context.jdbc.SqlScriptsTestExecutionListener@276aaae9, org.springframework.test.context.event.EventPublishingTestExecutionListener@7e146a4f, org.springframework.boot.test.autoconfigure.restdocs.RestDocsTestExecutionListener@6f4e3b3d, org.springframework.boot.test.autoconfigure.web.client.MockRestServiceServerResetTestExecutionListener@b92455f, org.springframework.boot.test.autoconfigure.web.servlet.MockMvcPrintOnlyOnFailureTestExecutionListener@79dd8b26, org.springframework.boot.test.autoconfigure.web.servlet.WebDriverTestExecutionListener@2446c040, org.springframework.boot.test.autoconfigure.webservices.client.MockWebServiceServerTestExecutionListener@3a4f8026, org.springframework.boot.test.mock.mockito.ResetMocksTestExecutionListener@23ee928d, org.springframework.cloud.contract.stubrunner.provider.wiremock.StubRunnerWireMockTestExecutionListener@367fb96d, org.springframework.cloud.contract.wiremock.WireMockTestExecutionListener@24292b22]
2020-12-04 14:12:50.184  INFO 18959 --- [    Test worker] o.s.t.c.transaction.TransactionContext   : Began transaction (1) for test context [DefaultTestContext@7ef33e0f testClass = BasketTest, testInstance = com.example.bookstore.entiry.BasketTest@136e6ac8, testMethod = check_sql_statement_when_persisting_in_many_to_many_correct@BasketTest, testException = [null], mergedContextConfiguration = [MergedContextConfiguration@7faa89dd testClass = BasketTest, locations = '{}', classes = '{class com.example.bookstore.BookStoreApplication}', contextInitializerClasses = '[]', activeProfiles = '{}', propertySourceLocations = '{}', propertySourceProperties = '{org.springframework.boot.test.autoconfigure.orm.jpa.DataJpaTestContextBootstrapper=true}', contextCustomizers = set[org.springframework.boot.test.autoconfigure.OverrideAutoConfigurationContextCustomizerFactory$DisableAutoConfigurationContextCustomizer@42a1d0a8, org.springframework.boot.test.autoconfigure.actuate.metrics.MetricsExportContextCustomizerFactory$DisableMetricExportContextCustomizer@3ec83541, org.springframework.boot.test.autoconfigure.filter.TypeExcludeFiltersContextCustomizer@351584c0, org.springframework.boot.test.autoconfigure.properties.PropertyMappingContextCustomizer@88cfc0b, org.springframework.boot.test.autoconfigure.web.servlet.WebDriverContextCustomizerFactory$Customizer@7877ecfe, [ImportsContextCustomizer@28193fe7 key = [org.springframework.boot.autoconfigure.cache.CacheAutoConfiguration, org.springframework.boot.autoconfigure.data.jpa.JpaRepositoriesAutoConfiguration, org.springframework.boot.autoconfigure.flyway.FlywayAutoConfiguration, org.springframework.boot.autoconfigure.jdbc.DataSourceAutoConfiguration, org.springframework.boot.autoconfigure.jdbc.DataSourceTransactionManagerAutoConfiguration, org.springframework.boot.autoconfigure.jdbc.JdbcTemplateAutoConfiguration, org.springframework.boot.autoconfigure.liquibase.LiquibaseAutoConfiguration, org.springframework.boot.autoconfigure.orm.jpa.HibernateJpaAutoConfiguration, org.springframework.boot.autoconfigure.transaction.TransactionAutoConfiguration, org.springframework.boot.test.autoconfigure.jdbc.TestDatabaseAutoConfiguration, org.springframework.boot.test.autoconfigure.orm.jpa.TestEntityManagerAutoConfiguration]], org.springframework.boot.test.context.filter.ExcludeFilterContextCustomizer@c18f888, org.springframework.boot.test.json.DuplicateJsonObjectContextCustomizerFactory$DuplicateJsonObjectContextCustomizer@2bbfb03, org.springframework.boot.test.mock.mockito.MockitoContextCustomizer@0, org.springframework.boot.test.context.SpringBootTestArgs@1, org.springframework.boot.test.context.SpringBootTestWebEnvironment@0], contextLoader = 'org.springframework.boot.test.context.SpringBootContextLoader', parent = [null]], attributes = map[[empty]]]; transaction manager [org.springframework.orm.jpa.JpaTransactionManager@4ba9b1c8]; rollback [false]
Hibernate: select basket0_.basket_id as basket_i1_0_2_, basket0_.customer_customer_id as customer2_0_2_, books1_.basket_id as basket_i1_2_4_, book2_.book_id as book_id2_2_4_, book2_.book_id as book_id1_1_0_, book2_.book_name as book_nam2_1_0_, book2_.num_book as num_book3_1_0_, book2_.price as price4_1_0_, customer3_.customer_id as customer1_3_1_, customer3_.firstname as firstnam2_3_1_, customer3_.lastname as lastname3_3_1_ from basket basket0_ left outer join book_basket books1_ on basket0_.basket_id=books1_.basket_id left outer join book book2_ on books1_.book_id=book2_.book_id left outer join customer customer3_ on basket0_.customer_customer_id=customer3_.customer_id where basket0_.basket_id=?
Hibernate: insert into basket (basket_id, customer_customer_id) values (null, ?)
Hibernate: select book0_.book_id as book_id1_1_0_, book0_.book_name as book_nam2_1_0_, book0_.num_book as num_book3_1_0_, book0_.price as price4_1_0_ from book book0_ where book0_.book_id=?
Hibernate: select book0_.book_id as book_id1_1_0_, book0_.book_name as book_nam2_1_0_, book0_.num_book as num_book3_1_0_, book0_.price as price4_1_0_ from book book0_ where book0_.book_id=?
Hibernate: update book set book_name=?, num_book=?, price=? where book_id=?
Hibernate: insert into book_basket (basket_id, book_id) values (?, ?)
Hibernate: insert into book_basket (basket_id, book_id) values (?, ?)
2020-12-04 14:12:50.229  INFO 18959 --- [    Test worker] o.s.t.c.transaction.TransactionContext   : Committed transaction for test: [DefaultTestContext@7ef33e0f testClass = BasketTest, testInstance = com.example.bookstore.entiry.BasketTest@136e6ac8, testMethod = check_sql_statement_when_persisting_in_many_to_many_correct@BasketTest, testException = [null], mergedContextConfiguration = [MergedContextConfiguration@7faa89dd testClass = BasketTest, locations = '{}', classes = '{class com.example.bookstore.BookStoreApplication}', contextInitializerClasses = '[]', activeProfiles = '{}', propertySourceLocations = '{}', propertySourceProperties = '{org.springframework.boot.test.autoconfigure.orm.jpa.DataJpaTestContextBootstrapper=true}', contextCustomizers = set[org.springframework.boot.test.autoconfigure.OverrideAutoConfigurationContextCustomizerFactory$DisableAutoConfigurationContextCustomizer@42a1d0a8, org.springframework.boot.test.autoconfigure.actuate.metrics.MetricsExportContextCustomizerFactory$DisableMetricExportContextCustomizer@3ec83541, org.springframework.boot.test.autoconfigure.filter.TypeExcludeFiltersContextCustomizer@351584c0, org.springframework.boot.test.autoconfigure.properties.PropertyMappingContextCustomizer@88cfc0b, org.springframework.boot.test.autoconfigure.web.servlet.WebDriverContextCustomizerFactory$Customizer@7877ecfe, [ImportsContextCustomizer@28193fe7 key = [org.springframework.boot.autoconfigure.cache.CacheAutoConfiguration, org.springframework.boot.autoconfigure.data.jpa.JpaRepositoriesAutoConfiguration, org.springframework.boot.autoconfigure.flyway.FlywayAutoConfiguration, org.springframework.boot.autoconfigure.jdbc.DataSourceAutoConfiguration, org.springframework.boot.autoconfigure.jdbc.DataSourceTransactionManagerAutoConfiguration, org.springframework.boot.autoconfigure.jdbc.JdbcTemplateAutoConfiguration, org.springframework.boot.autoconfigure.liquibase.LiquibaseAutoConfiguration, org.springframework.boot.autoconfigure.orm.jpa.HibernateJpaAutoConfiguration, org.springframework.boot.autoconfigure.transaction.TransactionAutoConfiguration, org.springframework.boot.test.autoconfigure.jdbc.TestDatabaseAutoConfiguration, org.springframework.boot.test.autoconfigure.orm.jpa.TestEntityManagerAutoConfiguration]], org.springframework.boot.test.context.filter.ExcludeFilterContextCustomizer@c18f888, org.springframework.boot.test.json.DuplicateJsonObjectContextCustomizerFactory$DuplicateJsonObjectContextCustomizer@2bbfb03, org.springframework.boot.test.mock.mockito.MockitoContextCustomizer@0, org.springframework.boot.test.context.SpringBootTestArgs@1, org.springframework.boot.test.context.SpringBootTestWebEnvironment@0], contextLoader = 'org.springframework.boot.test.context.SpringBootContextLoader', parent = [null]], attributes = map[[empty]]]
]]></system-out>
  <system-err><![CDATA[]]></system-err>
</testsuite>
