<?xml version="1.0" encoding="UTF-8"?>
<testsuite name="com.example.bookstore.entiry.BookTest" tests="1" skipped="0" failures="0" errors="0" timestamp="2020-12-04T07:12:50" hostname="KB-20ABKCK1HQ.kasikornbank.com" time="0.008">
  <properties/>
  <testcase name="check_sql_statement_when_persisting_in_many_to_many_correct()" classname="com.example.bookstore.entiry.BookTest" time="0.008"/>
  <system-out><![CDATA[2020-12-04 14:12:50.154  INFO 18959 --- [    Test worker] b.t.a.o.j.DataJpaTestContextBootstrapper : Neither @ContextConfiguration nor @ContextHierarchy found for test class [com.example.bookstore.entiry.BookTest], using SpringBootContextLoader
2020-12-04 14:12:50.155  INFO 18959 --- [    Test worker] o.s.t.c.support.AbstractContextLoader    : Could not detect default resource locations for test class [com.example.bookstore.entiry.BookTest]: no resource found for suffixes {-context.xml, Context.groovy}.
2020-12-04 14:12:50.155  INFO 18959 --- [    Test worker] t.c.s.AnnotationConfigContextLoaderUtils : Could not detect default configuration classes for test class [com.example.bookstore.entiry.BookTest]: BookTest does not declare any static, non-private, non-final, nested classes annotated with @Configuration.
2020-12-04 14:12:50.161  INFO 18959 --- [    Test worker] .b.t.c.SpringBootTestContextBootstrapper : Found @SpringBootConfiguration com.example.bookstore.BookStoreApplication for test class com.example.bookstore.entiry.BookTest
2020-12-04 14:12:50.162  INFO 18959 --- [    Test worker] b.t.a.o.j.DataJpaTestContextBootstrapper : Loaded default TestExecutionListener class names from location [META-INF/spring.factories]: [org.springframework.cloud.contract.stubrunner.provider.wiremock.StubRunnerWireMockTestExecutionListener, org.springframework.cloud.contract.wiremock.WireMockTestExecutionListener, org.springframework.boot.test.autoconfigure.restdocs.RestDocsTestExecutionListener, org.springframework.boot.test.autoconfigure.web.client.MockRestServiceServerResetTestExecutionListener, org.springframework.boot.test.autoconfigure.web.servlet.MockMvcPrintOnlyOnFailureTestExecutionListener, org.springframework.boot.test.autoconfigure.web.servlet.WebDriverTestExecutionListener, org.springframework.boot.test.autoconfigure.webservices.client.MockWebServiceServerTestExecutionListener, org.springframework.boot.test.mock.mockito.MockitoTestExecutionListener, org.springframework.boot.test.mock.mockito.ResetMocksTestExecutionListener, org.springframework.test.context.web.ServletTestExecutionListener, org.springframework.test.context.support.DirtiesContextBeforeModesTestExecutionListener, org.springframework.test.context.support.DependencyInjectionTestExecutionListener, org.springframework.test.context.support.DirtiesContextTestExecutionListener, org.springframework.test.context.transaction.TransactionalTestExecutionListener, org.springframework.test.context.jdbc.SqlScriptsTestExecutionListener, org.springframework.test.context.event.EventPublishingTestExecutionListener]
2020-12-04 14:12:50.163  INFO 18959 --- [    Test worker] b.t.a.o.j.DataJpaTestContextBootstrapper : Using TestExecutionListeners: [org.springframework.test.context.web.ServletTestExecutionListener@5bbd3568, org.springframework.test.context.support.DirtiesContextBeforeModesTestExecutionListener@1ff8252b, org.springframework.boot.test.mock.mockito.MockitoTestExecutionListener@20ccf01b, org.springframework.boot.test.autoconfigure.SpringBootDependencyInjectionTestExecutionListener@775c8038, org.springframework.test.context.support.DirtiesContextTestExecutionListener@45f8fdce, org.springframework.test.context.transaction.TransactionalTestExecutionListener@1b775927, org.springframework.test.context.jdbc.SqlScriptsTestExecutionListener@5c7c3e7a, org.springframework.test.context.event.EventPublishingTestExecutionListener@4f32288d, org.springframework.boot.test.autoconfigure.restdocs.RestDocsTestExecutionListener@4da6ba28, org.springframework.boot.test.autoconfigure.web.client.MockRestServiceServerResetTestExecutionListener@6cb97cda, org.springframework.boot.test.autoconfigure.web.servlet.MockMvcPrintOnlyOnFailureTestExecutionListener@518b10d9, org.springframework.boot.test.autoconfigure.web.servlet.WebDriverTestExecutionListener@f233c25, org.springframework.boot.test.autoconfigure.webservices.client.MockWebServiceServerTestExecutionListener@77acb013, org.springframework.boot.test.mock.mockito.ResetMocksTestExecutionListener@50545d90, org.springframework.cloud.contract.stubrunner.provider.wiremock.StubRunnerWireMockTestExecutionListener@59d0829b, org.springframework.cloud.contract.wiremock.WireMockTestExecutionListener@4f044f90]
2020-12-04 14:12:50.167  INFO 18959 --- [    Test worker] o.s.t.c.transaction.TransactionContext   : Began transaction (1) for test context [DefaultTestContext@2ff03cb1 testClass = BookTest, testInstance = com.example.bookstore.entiry.BookTest@7269b78e, testMethod = check_sql_statement_when_persisting_in_many_to_many_correct@BookTest, testException = [null], mergedContextConfiguration = [MergedContextConfiguration@1ffc1e9c testClass = BookTest, locations = '{}', classes = '{class com.example.bookstore.BookStoreApplication}', contextInitializerClasses = '[]', activeProfiles = '{}', propertySourceLocations = '{}', propertySourceProperties = '{org.springframework.boot.test.autoconfigure.orm.jpa.DataJpaTestContextBootstrapper=true}', contextCustomizers = set[org.springframework.boot.test.autoconfigure.OverrideAutoConfigurationContextCustomizerFactory$DisableAutoConfigurationContextCustomizer@42a1d0a8, org.springframework.boot.test.autoconfigure.actuate.metrics.MetricsExportContextCustomizerFactory$DisableMetricExportContextCustomizer@3ec83541, org.springframework.boot.test.autoconfigure.filter.TypeExcludeFiltersContextCustomizer@351584c0, org.springframework.boot.test.autoconfigure.properties.PropertyMappingContextCustomizer@88cfc0b, org.springframework.boot.test.autoconfigure.web.servlet.WebDriverContextCustomizerFactory$Customizer@7877ecfe, [ImportsContextCustomizer@105b3f22 key = [org.springframework.boot.autoconfigure.cache.CacheAutoConfiguration, org.springframework.boot.autoconfigure.data.jpa.JpaRepositoriesAutoConfiguration, org.springframework.boot.autoconfigure.flyway.FlywayAutoConfiguration, org.springframework.boot.autoconfigure.jdbc.DataSourceAutoConfiguration, org.springframework.boot.autoconfigure.jdbc.DataSourceTransactionManagerAutoConfiguration, org.springframework.boot.autoconfigure.jdbc.JdbcTemplateAutoConfiguration, org.springframework.boot.autoconfigure.liquibase.LiquibaseAutoConfiguration, org.springframework.boot.autoconfigure.orm.jpa.HibernateJpaAutoConfiguration, org.springframework.boot.autoconfigure.transaction.TransactionAutoConfiguration, org.springframework.boot.test.autoconfigure.jdbc.TestDatabaseAutoConfiguration, org.springframework.boot.test.autoconfigure.orm.jpa.TestEntityManagerAutoConfiguration]], org.springframework.boot.test.context.filter.ExcludeFilterContextCustomizer@c18f888, org.springframework.boot.test.json.DuplicateJsonObjectContextCustomizerFactory$DuplicateJsonObjectContextCustomizer@2bbfb03, org.springframework.boot.test.mock.mockito.MockitoContextCustomizer@0, org.springframework.boot.test.context.SpringBootTestArgs@1, org.springframework.boot.test.context.SpringBootTestWebEnvironment@0], contextLoader = 'org.springframework.boot.test.context.SpringBootContextLoader', parent = [null]], attributes = map[[empty]]]; transaction manager [org.springframework.orm.jpa.JpaTransactionManager@4ba9b1c8]; rollback [false]
Hibernate: select book0_.book_id as book_id1_1_0_, book0_.book_name as book_nam2_1_0_, book0_.num_book as num_book3_1_0_, book0_.price as price4_1_0_ from book book0_ where book0_.book_id=?
2020-12-04 14:12:50.173  INFO 18959 --- [    Test worker] o.s.t.c.transaction.TransactionContext   : Committed transaction for test: [DefaultTestContext@2ff03cb1 testClass = BookTest, testInstance = com.example.bookstore.entiry.BookTest@7269b78e, testMethod = check_sql_statement_when_persisting_in_many_to_many_correct@BookTest, testException = [null], mergedContextConfiguration = [MergedContextConfiguration@1ffc1e9c testClass = BookTest, locations = '{}', classes = '{class com.example.bookstore.BookStoreApplication}', contextInitializerClasses = '[]', activeProfiles = '{}', propertySourceLocations = '{}', propertySourceProperties = '{org.springframework.boot.test.autoconfigure.orm.jpa.DataJpaTestContextBootstrapper=true}', contextCustomizers = set[org.springframework.boot.test.autoconfigure.OverrideAutoConfigurationContextCustomizerFactory$DisableAutoConfigurationContextCustomizer@42a1d0a8, org.springframework.boot.test.autoconfigure.actuate.metrics.MetricsExportContextCustomizerFactory$DisableMetricExportContextCustomizer@3ec83541, org.springframework.boot.test.autoconfigure.filter.TypeExcludeFiltersContextCustomizer@351584c0, org.springframework.boot.test.autoconfigure.properties.PropertyMappingContextCustomizer@88cfc0b, org.springframework.boot.test.autoconfigure.web.servlet.WebDriverContextCustomizerFactory$Customizer@7877ecfe, [ImportsContextCustomizer@105b3f22 key = [org.springframework.boot.autoconfigure.cache.CacheAutoConfiguration, org.springframework.boot.autoconfigure.data.jpa.JpaRepositoriesAutoConfiguration, org.springframework.boot.autoconfigure.flyway.FlywayAutoConfiguration, org.springframework.boot.autoconfigure.jdbc.DataSourceAutoConfiguration, org.springframework.boot.autoconfigure.jdbc.DataSourceTransactionManagerAutoConfiguration, org.springframework.boot.autoconfigure.jdbc.JdbcTemplateAutoConfiguration, org.springframework.boot.autoconfigure.liquibase.LiquibaseAutoConfiguration, org.springframework.boot.autoconfigure.orm.jpa.HibernateJpaAutoConfiguration, org.springframework.boot.autoconfigure.transaction.TransactionAutoConfiguration, org.springframework.boot.test.autoconfigure.jdbc.TestDatabaseAutoConfiguration, org.springframework.boot.test.autoconfigure.orm.jpa.TestEntityManagerAutoConfiguration]], org.springframework.boot.test.context.filter.ExcludeFilterContextCustomizer@c18f888, org.springframework.boot.test.json.DuplicateJsonObjectContextCustomizerFactory$DuplicateJsonObjectContextCustomizer@2bbfb03, org.springframework.boot.test.mock.mockito.MockitoContextCustomizer@0, org.springframework.boot.test.context.SpringBootTestArgs@1, org.springframework.boot.test.context.SpringBootTestWebEnvironment@0], contextLoader = 'org.springframework.boot.test.context.SpringBootContextLoader', parent = [null]], attributes = map[[empty]]]
]]></system-out>
  <system-err><![CDATA[]]></system-err>
</testsuite>
